#
# A fatal error has been detected by the Java Runtime Environment:
#
#  SIGSEGV (0xb) at pc=0x000000011804c332, pid=2517, tid=1811
#
# JRE version: Java(TM) SE Runtime Environment (8.0_11-b12) (build 1.8.0_11-b12)
# Java VM: Java HotSpot(TM) 64-Bit Server VM (25.11-b03 mixed mode bsd-amd64 compressed oops)
# Problematic frame:
# C  [libglass.dylib+0x28332]  -[GlassWindow_Normal sendEvent:]+0x82
#
# Failed to write core dump. Core dumps have been disabled. To enable core dumping, try "ulimit -c unlimited" before starting Java again
#
# If you would like to submit a bug report, please visit:
#   http://bugreport.sun.com/bugreport/crash.jsp
# The crash happened outside the Java Virtual Machine in native code.
# See problematic frame for where to report the bug.
#

---------------  T H R E A D  ---------------

Current thread (0x00007fe6e20c8800):  JavaThread "JavaFX Application Thread" [_thread_in_native, id=1811, stack(0x00007fff5d1f2000,0x00007fff5d9f2000)]

siginfo:si_signo=SIGSEGV: si_errno=0, si_code=1 (SEGV_MAPERR), si_addr=0x0000000000000020

Registers:
RAX=0x0000000000000000, RBX=0x00007fe6e3a65600, RCX=0x0000000000000020, RDX=0x000000000008a1b0
RSP=0x00007fff5d9ec2b0, RBP=0x00007fff5d9ec2d0, RSI=0x000000010222c400, RDI=0x000000010222c400
R8 =0x0000000000000015, R9 =0x00007fe6e3b00000, R10=0x0000000000000090, R11=0x00007fe6e3b00000
R12=0x00007fff8eff70c0, R13=0x00007fff7d7cf000, R14=0x00007fe6e3b4e7a0, R15=0x0000000000000002
RIP=0x000000011804c332, EFLAGS=0x0000000000010206, ERR=0x0000000000000004
  TRAPNO=0x000000000000000e

Top of Stack: (sp=0x00007fff5d9ec2b0)
0x00007fff5d9ec2b0:   00007fe6e3b4e7a0 000000011806e888
0x00007fff5d9ec2c0:   00007fe6e3a65600 00007fe6e1562470
0x00007fff5d9ec2d0:   00007fff5d9ec520 00007fff97fe0096
0x00007fff5d9ec2e0:   0000000400000000 0000000000000000
0x00007fff5d9ec2f0:   00007fe6e3b4e7a0 00007fe6e1562470
0x00007fff5d9ec300:   00000000000009d5 0001b6d70010d10d
0x00007fff5d9ec310:   0000000000000000 000000010ad0e01a
0x00007fff5d9ec320:   0000000000030000 0000000000000000
0x00007fff5d9ec330:   0000000000000000 0000000000000000
0x00007fff5d9ec340:   0000000000000000 0000106900000000
0x00007fff5d9ec350:   0000000000001069 0000000000000000
0x00007fff5d9ec360:   0000000000000000 00000000032000fa
0x00007fff5d9ec370:   00007fe6e3a656e0 0000000000000000
0x00007fff5d9ec380:   0000000000000000 004e350300000040
0x00007fff5d9ec390:   00007fe6e1405544 00007fe6e1405540
0x00007fff5d9ec3a0:   000000000001d970 00007fe6e140553c
0x00007fff5d9ec3b0:   000000010222ba00 0000000102228000
0x00007fff5d9ec3c0:   00007fe6e3a00000 00007fff91f5fe68
0x00007fff5d9ec3d0:   c22d63c8c500000d 00000000ffffffff
0x00007fff5d9ec3e0:   00007fff7b7c9f60 00007fe6e1562470
0x00007fff5d9ec3f0:   00007fe6e3a65540 000000f800000003
0x00007fff5d9ec400:   0000000000000002 4080d8d000000000
0x00007fff5d9ec410:   407a1e0000000000 4050868000000000
0x00007fff5d9ec420:   406b9c0000000000 000014dc06fd4193
0x00007fff5d9ec430:   0000106900000100 000000000001b6d7
0x00007fff5d9ec440:   0000000000000000 0000000400000000
0x00007fff5d9ec450:   0000000000000000 0000000000000001
0x00007fff5d9ec460:   0000000100000273 00000000000009d5
0x00007fff5d9ec470:   0001b6d70010d10d 0000000000000000
0x00007fff5d9ec480:   000000010ad0e01a 0000000000030000
0x00007fff5d9ec490:   0000000000000000 0000000000000000
0x00007fff5d9ec4a0:   0000000000000000 0000000000000000 

Instructions: (pc=0x000000011804c332)
0x000000011804c312:   02 00 48 8d 7d e0 48 89 da e8 bc 5f 00 00 48 8b
0x000000011804c322:   05 d1 f6 01 00 4a 8b 04 30 48 8b 0d b6 fb 01 00
0x000000011804c332:   48 8b 3c 08 48 8d 35 23 19 02 00 ff 15 1d 19 02
0x000000011804c342:   00 48 83 c4 10 5b 41 5e 5d c3 0f 1f 40 00 55 48 

Register to memory mapping:

RAX=0x0000000000000000 is an unknown value
RBX=0x00007fe6e3a65600 is an unknown value
RCX=0x0000000000000020 is an unknown value
RDX=0x000000000008a1b0 is an unknown value
RSP=0x00007fff5d9ec2b0 is pointing into the stack for thread: 0x00007fe6e20c8800
RBP=0x00007fff5d9ec2d0 is pointing into the stack for thread: 0x00007fe6e20c8800
RSI=0x000000010222c400 is an unknown value
RDI=0x000000010222c400 is an unknown value
R8 =0x0000000000000015 is an unknown value
R9 =0x00007fe6e3b00000 is an unknown value
R10=0x0000000000000090 is an unknown value
R11=0x00007fe6e3b00000 is an unknown value
R12=0x00007fff8eff70c0: objc_msgSend+0 in /usr/lib/libobjc.A.dylib at 0x00007fff8eff6000
R13=0x00007fff7d7cf000: clock_sem+0 in /usr/lib/system/libsystem_c.dylib at 0x00007fff9a500000
R14=0x00007fe6e3b4e7a0 is an unknown value
R15=0x0000000000000002 is an unknown value


Stack: [0x00007fff5d1f2000,0x00007fff5d9f2000],  sp=0x00007fff5d9ec2b0,  free space=8168k
Native frames: (J=compiled Java code, j=interpreted, Vv=VM code, C=native code)
C  [libglass.dylib+0x28332]  -[GlassWindow_Normal sendEvent:]+0x82
C  [AppKit+0x18b096]  -[NSApplication sendEvent:]+0x8be
C  [libglass.dylib+0xa6e8]  +[GlassApplication enterNestedEventLoopWithEnv:]+0x98
C  [libglass.dylib+0xcdea]  Java_com_sun_glass_ui_mac_MacApplication__1enterNestedEventLoopImpl+0x7a
j  com.sun.glass.ui.mac.MacApplication._enterNestedEventLoopImpl()Ljava/lang/Object;+0
j  com.sun.glass.ui.mac.MacApplication._enterNestedEventLoop()Ljava/lang/Object;+15
j  com.sun.glass.ui.Application.enterNestedEventLoop()Ljava/lang/Object;+14
j  com.sun.glass.ui.EventLoop.enter()Ljava/lang/Object;+42
j  com.sun.javafx.tk.quantum.QuantumToolkit.enterNestedEventLoop(Ljava/lang/Object;)Ljava/lang/Object;+90
j  javafx.stage.Stage.showAndWait()V+74
j  wdk.gui.AddPlayerDialog.showAddPlayerDialog()Lwdk/data/Player;+1
j  wdk.gui.PlayersPane.lambda$initButtons$1(Ljavafx/event/ActionEvent;)V+4
j  wdk.gui.PlayersPane$$Lambda$8.handle(Ljavafx/event/Event;)V+8
J 2691 C1 com.sun.javafx.event.CompositeEventHandler.dispatchBubblingEvent(Ljavafx/event/Event;)V (57 bytes) @ 0x0000000103f7fc4c [0x0000000103f7f880+0x3cc]
J 2640 C1 com.sun.javafx.event.EventHandlerManager.dispatchBubblingEvent(Ljavafx/event/Event;)Ljavafx/event/Event; (23 bytes) @ 0x0000000103f66dbc [0x0000000103f667a0+0x61c]
J 2639 C1 com.sun.javafx.event.CompositeEventDispatcher.dispatchBubblingEvent(Ljavafx/event/Event;)Ljavafx/event/Event; (35 bytes) @ 0x0000000103f67794 [0x0000000103f675e0+0x1b4]
J 1344 C1 com.sun.javafx.event.BasicEventDispatcher.dispatchEvent(Ljavafx/event/Event;Ljavafx/event/EventDispatchChain;)Ljavafx/event/Event; (44 bytes) @ 0x0000000103c3c104 [0x0000000103c3be40+0x2c4]
J 1248 C1 com.sun.javafx.event.EventDispatchChainImpl.dispatchEvent(Ljavafx/event/Event;)Ljavafx/event/Event; (101 bytes) @ 0x0000000103c14dac [0x0000000103c14c00+0x1ac]
J 1344 C1 com.sun.javafx.event.BasicEventDispatcher.dispatchEvent(Ljavafx/event/Event;Ljavafx/event/EventDispatchChain;)Ljavafx/event/Event; (44 bytes) @ 0x0000000103c3c01c [0x0000000103c3be40+0x1dc]
J 1248 C1 com.sun.javafx.event.EventDispatchChainImpl.dispatchEvent(Ljavafx/event/Event;)Ljavafx/event/Event; (101 bytes) @ 0x0000000103c14dac [0x0000000103c14c00+0x1ac]
J 1344 C1 com.sun.javafx.event.BasicEventDispatcher.dispatchEvent(Ljavafx/event/Event;Ljavafx/event/EventDispatchChain;)Ljavafx/event/Event; (44 bytes) @ 0x0000000103c3c01c [0x0000000103c3be40+0x1dc]
J 1248 C1 com.sun.javafx.event.EventDispatchChainImpl.dispatchEvent(Ljavafx/event/Event;)Ljavafx/event/Event; (101 bytes) @ 0x0000000103c14dac [0x0000000103c14c00+0x1ac]
J 1344 C1 com.sun.javafx.event.BasicEventDispatcher.dispatchEvent(Ljavafx/event/Event;Ljavafx/event/EventDispatchChain;)Ljavafx/event/Event; (44 bytes) @ 0x0000000103c3c01c [0x0000000103c3be40+0x1dc]
J 1248 C1 com.sun.javafx.event.EventDispatchChainImpl.dispatchEvent(Ljavafx/event/Event;)Ljavafx/event/Event; (101 bytes) @ 0x0000000103c14dac [0x0000000103c14c00+0x1ac]
J 2791 C1 com.sun.javafx.event.EventUtil.fireEvent(Ljavafx/event/EventTarget;Ljavafx/event/Event;)Ljavafx/event/Event; (81 bytes) @ 0x0000000103fbd734 [0x0000000103fbcc00+0xb34]
J 2790 C1 javafx.event.Event.fireEvent(Ljavafx/event/EventTarget;Ljavafx/event/Event;)V (35 bytes) @ 0x0000000103fbc624 [0x0000000103fbc560+0xc4]
j  javafx.scene.Node.fireEvent(Ljavafx/event/Event;)V+86
j  javafx.scene.control.Button.fire()V+15
j  com.sun.javafx.scene.control.behavior.ButtonBehavior.mouseReleased(Ljavafx/scene/input/MouseEvent;)V+23
j  com.sun.javafx.scene.control.skin.BehaviorSkinBase$1.handle(Ljavafx/scene/input/MouseEvent;)V+83
j  com.sun.javafx.scene.control.skin.BehaviorSkinBase$1.handle(Ljavafx/event/Event;)V+5
J 2688 C1 com.sun.javafx.event.CompositeEventHandler$NormalEventHandlerRecord.handleBubblingEvent(Ljavafx/event/Event;)V (11 bytes) @ 0x0000000103f7cc84 [0x0000000103f7cb80+0x104]
J 2691 C1 com.sun.javafx.event.CompositeEventHandler.dispatchBubblingEvent(Ljavafx/event/Event;)V (57 bytes) @ 0x0000000103f7fabc [0x0000000103f7f880+0x23c]
J 2640 C1 com.sun.javafx.event.EventHandlerManager.dispatchBubblingEvent(Ljavafx/event/Event;)Ljavafx/event/Event; (23 bytes) @ 0x0000000103f66dbc [0x0000000103f667a0+0x61c]
J 2639 C1 com.sun.javafx.event.CompositeEventDispatcher.dispatchBubblingEvent(Ljavafx/event/Event;)Ljavafx/event/Event; (35 bytes) @ 0x0000000103f67794 [0x0000000103f675e0+0x1b4]
J 1344 C1 com.sun.javafx.event.BasicEventDispatcher.dispatchEvent(Ljavafx/event/Event;Ljavafx/event/EventDispatchChain;)Ljavafx/event/Event; (44 bytes) @ 0x0000000103c3c104 [0x0000000103c3be40+0x2c4]
J 1248 C1 com.sun.javafx.event.EventDispatchChainImpl.dispatchEvent(Ljavafx/event/Event;)Ljavafx/event/Event; (101 bytes) @ 0x0000000103c14dac [0x0000000103c14c00+0x1ac]
J 1344 C1 com.sun.javafx.event.BasicEventDispatcher.dispatchEvent(Ljavafx/event/Event;Ljavafx/event/EventDispatchChain;)Ljavafx/event/Event; (44 bytes) @ 0x0000000103c3c01c [0x0000000103c3be40+0x1dc]
J 1248 C1 com.sun.javafx.event.EventDispatchChainImpl.dispatchEvent(Ljavafx/event/Event;)Ljavafx/event/Event; (101 bytes) @ 0x0000000103c14dac [0x0000000103c14c00+0x1ac]
J 1344 C1 com.sun.javafx.event.BasicEventDispatcher.dispatchEvent(Ljavafx/event/Event;Ljavafx/event/EventDispatchChain;)Ljavafx/event/Event; (44 bytes) @ 0x0000000103c3c01c [0x0000000103c3be40+0x1dc]
J 1248 C1 com.sun.javafx.event.EventDispatchChainImpl.dispatchEvent(Ljavafx/event/Event;)Ljavafx/event/Event; (101 bytes) @ 0x0000000103c14dac [0x0000000103c14c00+0x1ac]
J 1344 C1 com.sun.javafx.event.BasicEventDispatcher.dispatchEvent(Ljavafx/event/Event;Ljavafx/event/EventDispatchChain;)Ljavafx/event/Event; (44 bytes) @ 0x0000000103c3c01c [0x0000000103c3be40+0x1dc]
J 1248 C1 com.sun.javafx.event.EventDispatchChainImpl.dispatchEvent(Ljavafx/event/Event;)Ljavafx/event/Event; (101 bytes) @ 0x0000000103c14dac [0x0000000103c14c00+0x1ac]
J 2791 C1 com.sun.javafx.event.EventUtil.fireEvent(Ljavafx/event/EventTarget;Ljavafx/event/Event;)Ljavafx/event/Event; (81 bytes) @ 0x0000000103fbd2a4 [0x0000000103fbcc00+0x6a4]
J 2914 C1 javafx.scene.Scene$MouseHandler.process(Ljavafx/scene/input/MouseEvent;Z)V (725 bytes) @ 0x000000010402048c [0x000000010401da80+0x2a0c]
J 2913 C1 javafx.scene.Scene$MouseHandler.access$1800(Ljavafx/scene/Scene$MouseHandler;Ljavafx/scene/input/MouseEvent;Z)V (7 bytes) @ 0x000000010400a85c [0x000000010400a800+0x5c]
j  javafx.scene.Scene.impl_processMouseEvent(Ljavafx/scene/input/MouseEvent;)V+6
j  javafx.scene.Scene$ScenePeerListener.mouseEvent(Ljavafx/event/EventType;DDDDLjavafx/scene/input/MouseButton;ZZZZZZZZZ)V+46
j  com.sun.javafx.tk.quantum.GlassViewEventHandler$MouseEventNotification.run()Ljava/lang/Void;+422
J 2945 C1 com.sun.javafx.tk.quantum.GlassViewEventHandler$MouseEventNotification.run()Ljava/lang/Object; (5 bytes) @ 0x0000000104044304 [0x0000000104044280+0x84]
v  ~StubRoutines::call_stub
V  [libjvm.dylib+0x2c5d36]
V  [libjvm.dylib+0x31b4c2]
J 891  java.security.AccessController.doPrivileged(Ljava/security/PrivilegedAction;Ljava/security/AccessControlContext;)Ljava/lang/Object; (0 bytes) @ 0x0000000103b57d55 [0x0000000103b57c80+0xd5]
j  com.sun.javafx.tk.quantum.GlassViewEventHandler.handleMouseEvent(Lcom/sun/glass/ui/View;JIIIIIIIZZ)V+108
J 2943 C1 com.sun.glass.ui.View.notifyMouse(IIIIIIIZZ)V (221 bytes) @ 0x0000000104045c94 [0x0000000104044ce0+0xfb4]
v  ~StubRoutines::call_stub
V  [libjvm.dylib+0x2c5d36]
V  [libjvm.dylib+0x2faba0]
V  [libjvm.dylib+0x2ed834]
C  [libglass.dylib+0x25624]  -[GlassViewDelegate sendJavaMouseEvent:]+0x794
C  [AppKit+0x74c02b]  -[NSWindow _reallySendEvent:]+0x2f7
C  [AppKit+0x1d950c]  -[NSWindow sendEvent:]+0x170
C  [libglass.dylib+0x28320]  -[GlassWindow_Normal sendEvent:]+0x70
C  [AppKit+0x18b096]  -[NSApplication sendEvent:]+0x8be
C  [AppKit+0x17e98]  -[NSApplication run]+0x2c7
C  [libglass.dylib+0xbf95]  -[GlassApplication runLoop:]+0x6a5
C  [Foundation+0x65f4c]  __NSThreadPerformPerform+0x125
C  [CoreFoundation+0x80661]  __CFRUNLOOP_IS_CALLING_OUT_TO_A_SOURCE0_PERFORM_FUNCTION__+0x11
C  [CoreFoundation+0x727ed]  __CFRunLoopDoSources0+0x10d
C  [CoreFoundation+0x71e1f]  __CFRunLoopRun+0x39f
C  [CoreFoundation+0x71838]  CFRunLoopRunSpecific+0x128
C  [java+0x56cb]  CreateExecutionEnvironment+0x367
C  [java+0x166c]  JLI_Launch+0x7a0
C  [java+0x7689]  main+0x65
C  [java+0xec4]  start+0x34

Java frames: (J=compiled Java code, j=interpreted, Vv=VM code)
j  com.sun.glass.ui.mac.MacApplication._enterNestedEventLoopImpl()Ljava/lang/Object;+0
j  com.sun.glass.ui.mac.MacApplication._enterNestedEventLoop()Ljava/lang/Object;+15
j  com.sun.glass.ui.Application.enterNestedEventLoop()Ljava/lang/Object;+14
j  com.sun.glass.ui.EventLoop.enter()Ljava/lang/Object;+42
j  com.sun.javafx.tk.quantum.QuantumToolkit.enterNestedEventLoop(Ljava/lang/Object;)Ljava/lang/Object;+90
j  javafx.stage.Stage.showAndWait()V+74
j  wdk.gui.AddPlayerDialog.showAddPlayerDialog()Lwdk/data/Player;+1
j  wdk.gui.PlayersPane.lambda$initButtons$1(Ljavafx/event/ActionEvent;)V+4
j  wdk.gui.PlayersPane$$Lambda$8.handle(Ljavafx/event/Event;)V+8
J 2691 C1 com.sun.javafx.event.CompositeEventHandler.dispatchBubblingEvent(Ljavafx/event/Event;)V (57 bytes) @ 0x0000000103f7fc4c [0x0000000103f7f880+0x3cc]
J 2640 C1 com.sun.javafx.event.EventHandlerManager.dispatchBubblingEvent(Ljavafx/event/Event;)Ljavafx/event/Event; (23 bytes) @ 0x0000000103f66dbc [0x0000000103f667a0+0x61c]
J 2639 C1 com.sun.javafx.event.CompositeEventDispatcher.dispatchBubblingEvent(Ljavafx/event/Event;)Ljavafx/event/Event; (35 bytes) @ 0x0000000103f67794 [0x0000000103f675e0+0x1b4]
J 1344 C1 com.sun.javafx.event.BasicEventDispatcher.dispatchEvent(Ljavafx/event/Event;Ljavafx/event/EventDispatchChain;)Ljavafx/event/Event; (44 bytes) @ 0x0000000103c3c104 [0x0000000103c3be40+0x2c4]
J 1248 C1 com.sun.javafx.event.EventDispatchChainImpl.dispatchEvent(Ljavafx/event/Event;)Ljavafx/event/Event; (101 bytes) @ 0x0000000103c14dac [0x0000000103c14c00+0x1ac]
J 1344 C1 com.sun.javafx.event.BasicEventDispatcher.dispatchEvent(Ljavafx/event/Event;Ljavafx/event/EventDispatchChain;)Ljavafx/event/Event; (44 bytes) @ 0x0000000103c3c01c [0x0000000103c3be40+0x1dc]
J 1248 C1 com.sun.javafx.event.EventDispatchChainImpl.dispatchEvent(Ljavafx/event/Event;)Ljavafx/event/Event; (101 bytes) @ 0x0000000103c14dac [0x0000000103c14c00+0x1ac]
J 1344 C1 com.sun.javafx.event.BasicEventDispatcher.dispatchEvent(Ljavafx/event/Event;Ljavafx/event/EventDispatchChain;)Ljavafx/event/Event; (44 bytes) @ 0x0000000103c3c01c [0x0000000103c3be40+0x1dc]
J 1248 C1 com.sun.javafx.event.EventDispatchChainImpl.dispatchEvent(Ljavafx/event/Event;)Ljavafx/event/Event; (101 bytes) @ 0x0000000103c14dac [0x0000000103c14c00+0x1ac]
J 1344 C1 com.sun.javafx.event.BasicEventDispatcher.dispatchEvent(Ljavafx/event/Event;Ljavafx/event/EventDispatchChain;)Ljavafx/event/Event; (44 bytes) @ 0x0000000103c3c01c [0x0000000103c3be40+0x1dc]
J 1248 C1 com.sun.javafx.event.EventDispatchChainImpl.dispatchEvent(Ljavafx/event/Event;)Ljavafx/event/Event; (101 bytes) @ 0x0000000103c14dac [0x0000000103c14c00+0x1ac]
J 2791 C1 com.sun.javafx.event.EventUtil.fireEvent(Ljavafx/event/EventTarget;Ljavafx/event/Event;)Ljavafx/event/Event; (81 bytes) @ 0x0000000103fbd734 [0x0000000103fbcc00+0xb34]
J 2790 C1 javafx.event.Event.fireEvent(Ljavafx/event/EventTarget;Ljavafx/event/Event;)V (35 bytes) @ 0x0000000103fbc624 [0x0000000103fbc560+0xc4]
j  javafx.scene.Node.fireEvent(Ljavafx/event/Event;)V+86
j  javafx.scene.control.Button.fire()V+15
j  com.sun.javafx.scene.control.behavior.ButtonBehavior.mouseReleased(Ljavafx/scene/input/MouseEvent;)V+23
j  com.sun.javafx.scene.control.skin.BehaviorSkinBase$1.handle(Ljavafx/scene/input/MouseEvent;)V+83
j  com.sun.javafx.scene.control.skin.BehaviorSkinBase$1.handle(Ljavafx/event/Event;)V+5
J 2688 C1 com.sun.javafx.event.CompositeEventHandler$NormalEventHandlerRecord.handleBubblingEvent(Ljavafx/event/Event;)V (11 bytes) @ 0x0000000103f7cc84 [0x0000000103f7cb80+0x104]
J 2691 C1 com.sun.javafx.event.CompositeEventHandler.dispatchBubblingEvent(Ljavafx/event/Event;)V (57 bytes) @ 0x0000000103f7fabc [0x0000000103f7f880+0x23c]
J 2640 C1 com.sun.javafx.event.EventHandlerManager.dispatchBubblingEvent(Ljavafx/event/Event;)Ljavafx/event/Event; (23 bytes) @ 0x0000000103f66dbc [0x0000000103f667a0+0x61c]
J 2639 C1 com.sun.javafx.event.CompositeEventDispatcher.dispatchBubblingEvent(Ljavafx/event/Event;)Ljavafx/event/Event; (35 bytes) @ 0x0000000103f67794 [0x0000000103f675e0+0x1b4]
J 1344 C1 com.sun.javafx.event.BasicEventDispatcher.dispatchEvent(Ljavafx/event/Event;Ljavafx/event/EventDispatchChain;)Ljavafx/event/Event; (44 bytes) @ 0x0000000103c3c104 [0x0000000103c3be40+0x2c4]
J 1248 C1 com.sun.javafx.event.EventDispatchChainImpl.dispatchEvent(Ljavafx/event/Event;)Ljavafx/event/Event; (101 bytes) @ 0x0000000103c14dac [0x0000000103c14c00+0x1ac]
J 1344 C1 com.sun.javafx.event.BasicEventDispatcher.dispatchEvent(Ljavafx/event/Event;Ljavafx/event/EventDispatchChain;)Ljavafx/event/Event; (44 bytes) @ 0x0000000103c3c01c [0x0000000103c3be40+0x1dc]
J 1248 C1 com.sun.javafx.event.EventDispatchChainImpl.dispatchEvent(Ljavafx/event/Event;)Ljavafx/event/Event; (101 bytes) @ 0x0000000103c14dac [0x0000000103c14c00+0x1ac]
J 1344 C1 com.sun.javafx.event.BasicEventDispatcher.dispatchEvent(Ljavafx/event/Event;Ljavafx/event/EventDispatchChain;)Ljavafx/event/Event; (44 bytes) @ 0x0000000103c3c01c [0x0000000103c3be40+0x1dc]
J 1248 C1 com.sun.javafx.event.EventDispatchChainImpl.dispatchEvent(Ljavafx/event/Event;)Ljavafx/event/Event; (101 bytes) @ 0x0000000103c14dac [0x0000000103c14c00+0x1ac]
J 1344 C1 com.sun.javafx.event.BasicEventDispatcher.dispatchEvent(Ljavafx/event/Event;Ljavafx/event/EventDispatchChain;)Ljavafx/event/Event; (44 bytes) @ 0x0000000103c3c01c [0x0000000103c3be40+0x1dc]
J 1248 C1 com.sun.javafx.event.EventDispatchChainImpl.dispatchEvent(Ljavafx/event/Event;)Ljavafx/event/Event; (101 bytes) @ 0x0000000103c14dac [0x0000000103c14c00+0x1ac]
J 2791 C1 com.sun.javafx.event.EventUtil.fireEvent(Ljavafx/event/EventTarget;Ljavafx/event/Event;)Ljavafx/event/Event; (81 bytes) @ 0x0000000103fbd2a4 [0x0000000103fbcc00+0x6a4]
J 2914 C1 javafx.scene.Scene$MouseHandler.process(Ljavafx/scene/input/MouseEvent;Z)V (725 bytes) @ 0x000000010402048c [0x000000010401da80+0x2a0c]
J 2913 C1 javafx.scene.Scene$MouseHandler.access$1800(Ljavafx/scene/Scene$MouseHandler;Ljavafx/scene/input/MouseEvent;Z)V (7 bytes) @ 0x000000010400a85c [0x000000010400a800+0x5c]
j  javafx.scene.Scene.impl_processMouseEvent(Ljavafx/scene/input/MouseEvent;)V+6
j  javafx.scene.Scene$ScenePeerListener.mouseEvent(Ljavafx/event/EventType;DDDDLjavafx/scene/input/MouseButton;ZZZZZZZZZ)V+46
j  com.sun.javafx.tk.quantum.GlassViewEventHandler$MouseEventNotification.run()Ljava/lang/Void;+422
J 2945 C1 com.sun.javafx.tk.quantum.GlassViewEventHandler$MouseEventNotification.run()Ljava/lang/Object; (5 bytes) @ 0x0000000104044304 [0x0000000104044280+0x84]
v  ~StubRoutines::call_stub
J 891  java.security.AccessController.doPrivileged(Ljava/security/PrivilegedAction;Ljava/security/AccessControlContext;)Ljava/lang/Object; (0 bytes) @ 0x0000000103b57ce3 [0x0000000103b57c80+0x63]
j  com.sun.javafx.tk.quantum.GlassViewEventHandler.handleMouseEvent(Lcom/sun/glass/ui/View;JIIIIIIIZZ)V+108
J 2943 C1 com.sun.glass.ui.View.notifyMouse(IIIIIIIZZ)V (221 bytes) @ 0x0000000104045c94 [0x0000000104044ce0+0xfb4]
v  ~StubRoutines::call_stub

---------------  P R O C E S S  ---------------

Java Threads: ( => current thread )
  0x00007fe6e1bd8000 JavaThread "Prism Font Disposer" daemon [_thread_blocked, id=47415, stack(0x000000011bab2000,0x000000011bbb2000)]
  0x00007fe6e21a0000 JavaThread "JavaFX-Launcher" [_thread_blocked, id=46599, stack(0x000000011adcb000,0x000000011aecb000)]
  0x00007fe6e219c800 JavaThread "Thread-3" daemon [_thread_in_native, id=34311, stack(0x0000000119bfd000,0x0000000119c7d000)]
=>0x00007fe6e20c8800 JavaThread "JavaFX Application Thread" [_thread_in_native, id=1811, stack(0x00007fff5d1f2000,0x00007fff5d9f2000)]
  0x00007fe6e19b7000 JavaThread "Thread-1" daemon [_thread_blocked, id=21523, stack(0x000000011808f000,0x000000011818f000)]
  0x00007fe6e207c000 JavaThread "QuantumRenderer-0" daemon [_thread_blocked, id=17667, stack(0x0000000117591000,0x0000000117691000)]
  0x00007fe6e18a9800 JavaThread "Service Thread" daemon [_thread_blocked, id=16643, stack(0x00000001172ac000,0x00000001173ac000)]
  0x00007fe6e2009000 JavaThread "C1 CompilerThread1" daemon [_thread_blocked, id=16131, stack(0x00000001171a9000,0x00000001172a9000)]
  0x00007fe6e188c800 JavaThread "C2 CompilerThread0" daemon [_thread_blocked, id=15619, stack(0x00000001170a6000,0x00000001171a6000)]
  0x00007fe6e1846800 JavaThread "Signal Dispatcher" daemon [_thread_blocked, id=15375, stack(0x0000000116fa3000,0x00000001170a3000)]
  0x00007fe6e186a800 JavaThread "Finalizer" daemon [_thread_blocked, id=9987, stack(0x0000000115661000,0x0000000115761000)]
  0x00007fe6e186a000 JavaThread "Reference Handler" daemon [_thread_blocked, id=9475, stack(0x000000011555e000,0x000000011565e000)]
  0x00007fe6e180e000 JavaThread "main" [_thread_blocked, id=3331, stack(0x0000000103200000,0x0000000103300000)]

Other Threads:
  0x00007fe6e1865800 VMThread [stack: 0x000000011545b000,0x000000011555b000] [id=8963]
  0x00007fe6e188c000 WatcherThread [stack: 0x00000001173af000,0x00000001174af000] [id=17155]

VM state:not at safepoint (normal execution)

VM Mutex/Monitor currently owned by a thread: None

Heap:
 PSYoungGen      total 19456K, used 13228K [0x00000007b5580000, 0x00000007b6d80000, 0x00000007c0000000)
  eden space 15872K, 60% used [0x00000007b5580000,0x00000007b5eeb3f0,0x00000007b6500000)
  from space 3584K, 100% used [0x00000007b6900000,0x00000007b6c80000,0x00000007b6c80000)
  to   space 4096K, 0% used [0x00000007b6500000,0x00000007b6500000,0x00000007b6900000)
 ParOldGen       total 31232K, used 7741K [0x00000007a0000000, 0x00000007a1e80000, 0x00000007b5580000)
  object space 31232K, 24% used [0x00000007a0000000,0x00000007a078f578,0x00000007a1e80000)
 Metaspace       used 19717K, capacity 19948K, committed 20096K, reserved 1067008K
  class space    used 2881K, capacity 2943K, committed 2944K, reserved 1048576K

Card table byte_map: [0x0000000112bc0000,0x0000000112cc1000] byte_map_base: 0x000000010eec0000

Marking Bits: (ParMarkBitMap*) 0x0000000102ba50a0
 Begin Bits: [0x0000000112f72000, 0x0000000113772000)
 End Bits:   [0x0000000113772000, 0x0000000113f72000)

Polling page: 0x0000000103344000

CodeCache: size=245760Kb used=9068Kb max_used=9080Kb free=236691Kb
 bounds [0x0000000103800000, 0x00000001040f0000, 0x0000000112800000]
 total_blobs=3774 nmethods=3121 adapters=568
 compilation: enabled

Compilation events (10 events):
Event: 25.090 Thread 0x00007fe6e2009000 3121       3       javafx.scene.layout.GridPane::getRowIndex (10 bytes)
Event: 25.091 Thread 0x00007fe6e2009000 nmethod 3121 0x00000001040d1250 code [0x00000001040d1440, 0x00000001040d1df8]
Event: 25.091 Thread 0x00007fe6e2009000 3119       3       javafx.geometry.Insets::hashCode (83 bytes)
Event: 25.092 Thread 0x00007fe6e2009000 nmethod 3119 0x00000001040d7b50 code [0x00000001040d7ce0, 0x00000001040d8350]
Event: 25.100 Thread 0x00007fe6e188c800 3123       4       java.util.ArrayList$Itr::next (66 bytes)
Event: 25.102 Thread 0x00007fe6e188c800 nmethod 3123 0x00000001040db190 code [0x00000001040db2e0, 0x00000001040db3f8]
Event: 25.109 Thread 0x00007fe6e2009000 3122   !   3       com.sun.javafx.sg.prism.NGNode::accumulateGroupDirtyRegion (652 bytes)
Event: 25.127 Thread 0x00007fe6e2009000 nmethod 3122 0x00000001040db550 code [0x00000001040dba60, 0x00000001040defb8]
Event: 25.217 Thread 0x00007fe6e188c800 3124       4       com.sun.javafx.css.PseudoClassState::getIndex (9 bytes)
Event: 25.218 Thread 0x00007fe6e188c800 nmethod 3124 0x00000001040e22d0 code [0x00000001040e2420, 0x00000001040e24b8]

GC Heap History (10 events):
Event: 3.142 GC heap before
{Heap before GC invocations=8 (full 0):
 PSYoungGen      total 5120K, used 4600K [0x00000007b5580000, 0x00000007b5f80000, 0x00000007c0000000)
  eden space 3584K, 100% used [0x00000007b5580000,0x00000007b5900000,0x00000007b5900000)
  from space 1536K, 66% used [0x00000007b5900000,0x00000007b59fe030,0x00000007b5a80000)
  to   space 1536K, 0% used [0x00000007b5e00000,0x00000007b5e00000,0x00000007b5f80000)
 ParOldGen       total 31232K, used 1144K [0x00000007a0000000, 0x00000007a1e80000, 0x00000007b5580000)
  object space 31232K, 3% used [0x00000007a0000000,0x00000007a011e070,0x00000007a1e80000)
 Metaspace       used 10957K, capacity 11084K, committed 11264K, reserved 1058816K
  class space    used 1487K, capacity 1524K, committed 1536K, reserved 1048576K
Event: 3.150 GC heap after
Heap after GC invocations=8 (full 0):
 PSYoungGen      total 8704K, used 1440K [0x00000007b5580000, 0x00000007b5f80000, 0x00000007c0000000)
  eden space 7168K, 0% used [0x00000007b5580000,0x00000007b5580000,0x00000007b5c80000)
  from space 1536K, 93% used [0x00000007b5e00000,0x00000007b5f68010,0x00000007b5f80000)
  to   space 1536K, 0% used [0x00000007b5c80000,0x00000007b5c80000,0x00000007b5e00000)
 ParOldGen       total 31232K, used 1288K [0x00000007a0000000, 0x00000007a1e80000, 0x00000007b5580000)
  object space 31232K, 4% used [0x00000007a0000000,0x00000007a0142070,0x00000007a1e80000)
 Metaspace       used 10957K, capacity 11084K, committed 11264K, reserved 1058816K
  class space    used 1487K, capacity 1524K, committed 1536K, reserved 1048576K
}
Event: 4.327 GC heap before
{Heap before GC invocations=9 (full 0):
 PSYoungGen      total 8704K, used 8608K [0x00000007b5580000, 0x00000007b5f80000, 0x00000007c0000000)
  eden space 7168K, 100% used [0x00000007b5580000,0x00000007b5c80000,0x00000007b5c80000)
  from space 1536K, 93% used [0x00000007b5e00000,0x00000007b5f68010,0x00000007b5f80000)
  to   space 1536K, 0% used [0x00000007b5c80000,0x00000007b5c80000,0x00000007b5e00000)
 ParOldGen       total 31232K, used 1288K [0x00000007a0000000, 0x00000007a1e80000, 0x00000007b5580000)
  object space 31232K, 4% used [0x00000007a0000000,0x00000007a0142070,0x00000007a1e80000)
 Metaspace       used 13948K, capacity 14138K, committed 14336K, reserved 1060864K
  class space    used 1953K, capacity 2015K, committed 2048K, reserved 1048576K
Event: 4.339 GC heap after
Heap after GC invocations=9 (full 0):
 PSYoungGen      total 8704K, used 1536K [0x00000007b5580000, 0x00000007b6500000, 0x00000007c0000000)
  eden space 7168K, 0% used [0x00000007b5580000,0x00000007b5580000,0x00000007b5c80000)
  from space 1536K, 100% used [0x00000007b5c80000,0x00000007b5e00000,0x00000007b5e00000)
  to   space 2048K, 0% used [0x00000007b6300000,0x00000007b6300000,0x00000007b6500000)
 ParOldGen       total 31232K, used 2068K [0x00000007a0000000, 0x00000007a1e80000, 0x00000007b5580000)
  object space 31232K, 6% used [0x00000007a0000000,0x00000007a02050b0,0x00000007a1e80000)
 Metaspace       used 13948K, capacity 14138K, committed 14336K, reserved 1060864K
  class space    used 1953K, capacity 2015K, committed 2048K, reserved 1048576K
}
Event: 11.810 GC heap before
{Heap before GC invocations=10 (full 0):
 PSYoungGen      total 8704K, used 8704K [0x00000007b5580000, 0x00000007b6500000, 0x00000007c0000000)
  eden space 7168K, 100% used [0x00000007b5580000,0x00000007b5c80000,0x00000007b5c80000)
  from space 1536K, 100% used [0x00000007b5c80000,0x00000007b5e00000,0x00000007b5e00000)
  to   space 2048K, 0% used [0x00000007b6300000,0x00000007b6300000,0x00000007b6500000)
 ParOldGen       total 31232K, used 2068K [0x00000007a0000000, 0x00000007a1e80000, 0x00000007b5580000)
  object space 31232K, 6% used [0x00000007a0000000,0x00000007a02050b0,0x00000007a1e80000)
 Metaspace       used 15296K, capacity 15482K, committed 15616K, reserved 1062912K
  class space    used 2141K, capacity 2207K, committed 2304K, reserved 1048576K
Event: 11.833 GC heap after
Heap after GC invocations=10 (full 0):
 PSYoungGen      total 12288K, used 2048K [0x00000007b5580000, 0x00000007b6800000, 0x00000007c0000000)
  eden space 10240K, 0% used [0x00000007b5580000,0x00000007b5580000,0x00000007b5f80000)
  from space 2048K, 100% used [0x00000007b6300000,0x00000007b6500000,0x00000007b6500000)
  to   space 3584K, 0% used [0x00000007b5f80000,0x00000007b5f80000,0x00000007b6300000)
 ParOldGen       total 31232K, used 5097K [0x00000007a0000000, 0x00000007a1e80000, 0x00000007b5580000)
  object space 31232K, 16% used [0x00000007a0000000,0x00000007a04fa460,0x00000007a1e80000)
 Metaspace       used 15296K, capacity 15482K, committed 15616K, reserved 1062912K
  class space    used 2141K, capacity 2207K, committed 2304K, reserved 1048576K
}
Event: 13.395 GC heap before
{Heap before GC invocations=11 (full 0):
 PSYoungGen      total 12288K, used 12288K [0x00000007b5580000, 0x00000007b6800000, 0x00000007c0000000)
  eden space 10240K, 100% used [0x00000007b5580000,0x00000007b5f80000,0x00000007b5f80000)
  from space 2048K, 100% used [0x00000007b6300000,0x00000007b6500000,0x00000007b6500000)
  to   space 3584K, 0% used [0x00000007b5f80000,0x00000007b5f80000,0x00000007b6300000)
 ParOldGen       total 31232K, used 5097K [0x00000007a0000000, 0x00000007a1e80000, 0x00000007b5580000)
  object space 31232K, 16% used [0x00000007a0000000,0x00000007a04fa460,0x00000007a1e80000)
 Metaspace       used 17760K, capacity 18046K, committed 18176K, reserved 1064960K
  class space    used 2686K, capacity 2769K, committed 2816K, reserved 1048576K
Event: 13.414 GC heap after
Heap after GC invocations=11 (full 0):
 PSYoungGen      total 13824K, used 1408K [0x00000007b5580000, 0x00000007b6c80000, 0x00000007c0000000)
  eden space 10240K, 0% used [0x00000007b5580000,0x00000007b5580000,0x00000007b5f80000)
  from space 3584K, 39% used [0x00000007b5f80000,0x00000007b60e0000,0x00000007b6300000)
  to   space 3584K, 0% used [0x00000007b6900000,0x00000007b6900000,0x00000007b6c80000)
 ParOldGen       total 31232K, used 6438K [0x00000007a0000000, 0x00000007a1e80000, 0x00000007b5580000)
  object space 31232K, 20% used [0x00000007a0000000,0x00000007a0649930,0x00000007a1e80000)
 Metaspace       used 17760K, capacity 18046K, committed 18176K, reserved 1064960K
  class space    used 2686K, capacity 2769K, committed 2816K, reserved 1048576K
}
Event: 13.878 GC heap before
{Heap before GC invocations=12 (full 0):
 PSYoungGen      total 13824K, used 11648K [0x00000007b5580000, 0x00000007b6c80000, 0x00000007c0000000)
  eden space 10240K, 100% used [0x00000007b5580000,0x00000007b5f80000,0x00000007b5f80000)
  from space 3584K, 39% used [0x00000007b5f80000,0x00000007b60e0000,0x00000007b6300000)
  to   space 3584K, 0% used [0x00000007b6900000,0x00000007b6900000,0x00000007b6c80000)
 ParOldGen       total 31232K, used 6438K [0x00000007a0000000, 0x00000007a1e80000, 0x00000007b5580000)
  object space 31232K, 20% used [0x00000007a0000000,0x00000007a0649930,0x00000007a1e80000)
 Metaspace       used 18423K, capacity 18668K, committed 18688K, reserved 1064960K
  class space    used 2761K, capacity 2815K, committed 2816K, reserved 1048576K
Event: 13.911 GC heap after
Heap after GC invocations=12 (full 0):
 PSYoungGen      total 19456K, used 3584K [0x00000007b5580000, 0x00000007b6d80000, 0x00000007c0000000)
  eden space 15872K, 0% used [0x00000007b5580000,0x00000007b5580000,0x00000007b6500000)
  from space 3584K, 100% used [0x00000007b6900000,0x00000007b6c80000,0x00000007b6c80000)
  to   space 4096K, 0% used [0x00000007b6500000,0x00000007b6500000,0x00000007b6900000)
 ParOldGen       total 31232K, used 7741K [0x00000007a0000000, 0x00000007a1e80000, 0x00000007b5580000)
  object space 31232K, 24% used [0x00000007a0000000,0x00000007a078f578,0x00000007a1e80000)
 Metaspace       used 18423K, capacity 18668K, committed 18688K, reserved 1064960K
  class space    used 2761K, capacity 2815K, committed 2816K, reserved 1048576K
}

Deoptimization events (10 events):
Event: 13.967 Thread 0x00007fe6e20c8800 Uncommon trap: reason=class_check action=maybe_recompile pc=0x0000000103e23690 method=javafx.scene.Node.isVisible()Z @ 15
Event: 13.967 Thread 0x00007fe6e20c8800 Uncommon trap: reason=class_check action=maybe_recompile pc=0x0000000103e23690 method=javafx.scene.Node.isVisible()Z @ 15
Event: 19.708 Thread 0x00007fe6e20c8800 Uncommon trap: reason=null_check action=make_not_entrant pc=0x0000000103d636a8 method=com.sun.javafx.css.StyleManager.getCacheContainer(Ljavafx/css/Styleable;)Lcom/sun/javafx/css/StyleManager$CacheContainer; @ 52
Event: 19.732 Thread 0x00007fe6e20c8800 Uncommon trap: reason=class_check action=maybe_recompile pc=0x0000000103f586f8 method=javafx.scene.Node.getLayoutX()D @ 15
Event: 19.732 Thread 0x00007fe6e20c8800 Uncommon trap: reason=class_check action=maybe_recompile pc=0x0000000103f586d0 method=javafx.scene.Node.updateLocalToParentTransform()V @ 11
Event: 21.653 Thread 0x00007fe6e20c8800 Uncommon trap: reason=class_check action=maybe_recompile pc=0x0000000103f586f8 method=javafx.scene.Node.getLayoutX()D @ 15
Event: 21.653 Thread 0x00007fe6e20c8800 Uncommon trap: reason=class_check action=maybe_recompile pc=0x0000000103f586d0 method=javafx.scene.Node.updateLocalToParentTransform()V @ 11
Event: 23.391 Thread 0x00007fe6e20c8800 Uncommon trap: reason=unreached action=reinterpret pc=0x0000000103caac18 method=javafx.scene.CssStyleHelper.lookup(Ljavafx/css/Styleable;Ljavafx/css/CssMetaData;Lcom/sun/javafx/css/StyleMap;Ljava/util/Set;Ljavafx/css/Styleable;Lcom/sun/javafx/css/Calculat
Event: 23.523 Thread 0x00007fe6e20c8800 Uncommon trap: reason=class_check action=maybe_recompile pc=0x0000000103f586f8 method=javafx.scene.Node.getLayoutX()D @ 15
Event: 23.523 Thread 0x00007fe6e20c8800 Uncommon trap: reason=class_check action=maybe_recompile pc=0x0000000103f586f8 method=javafx.scene.Node.getLayoutX()D @ 15

Internal exceptions (10 events):
Event: 11.788 Thread 0x00007fe6e20c8800 Exception <a 'java/security/PrivilegedActionException'> (0x00000007b5c4dbd0) thrown at [/HUDSON3/workspace/8-2-build-macosx-x86_64/jdk8u11/648/hotspot/src/share/vm/prims/jvm.cpp, line 1248]
Event: 11.790 Thread 0x00007fe6e20c8800 Exception <a 'java/security/PrivilegedActionException'> (0x00000007b5c55200) thrown at [/HUDSON3/workspace/8-2-build-macosx-x86_64/jdk8u11/648/hotspot/src/share/vm/prims/jvm.cpp, line 1248]
Event: 11.790 Thread 0x00007fe6e20c8800 Exception <a 'java/security/PrivilegedActionException'> (0x00000007b5c598d8) thrown at [/HUDSON3/workspace/8-2-build-macosx-x86_64/jdk8u11/648/hotspot/src/share/vm/prims/jvm.cpp, line 1248]
Event: 11.968 Thread 0x00007fe6e20c8800 Exception <a 'java/security/PrivilegedActionException'> (0x00000007b59494d0) thrown at [/HUDSON3/workspace/8-2-build-macosx-x86_64/jdk8u11/648/hotspot/src/share/vm/prims/jvm.cpp, line 1248]
Event: 11.972 Thread 0x00007fe6e20c8800 Exception <a 'java/security/PrivilegedActionException'> (0x00000007b5958148) thrown at [/HUDSON3/workspace/8-2-build-macosx-x86_64/jdk8u11/648/hotspot/src/share/vm/prims/jvm.cpp, line 1248]
Event: 12.000 Thread 0x00007fe6e20c8800 Exception <a 'java/security/PrivilegedActionException'> (0x00000007b5a350c0) thrown at [/HUDSON3/workspace/8-2-build-macosx-x86_64/jdk8u11/648/hotspot/src/share/vm/prims/jvm.cpp, line 1248]
Event: 13.297 Thread 0x00007fe6e20c8800 Exception <a 'java/security/PrivilegedActionException'> (0x00000007b5c716f0) thrown at [/HUDSON3/workspace/8-2-build-macosx-x86_64/jdk8u11/648/hotspot/src/share/vm/prims/jvm.cpp, line 1248]
Event: 13.298 Thread 0x00007fe6e20c8800 Exception <a 'java/security/PrivilegedActionException'> (0x00000007b5c87300) thrown at [/HUDSON3/workspace/8-2-build-macosx-x86_64/jdk8u11/648/hotspot/src/share/vm/prims/jvm.cpp, line 1248]
Event: 13.300 Thread 0x00007fe6e20c8800 Exception <a 'java/security/PrivilegedActionException'> (0x00000007b5ca6650) thrown at [/HUDSON3/workspace/8-2-build-macosx-x86_64/jdk8u11/648/hotspot/src/share/vm/prims/jvm.cpp, line 1248]
Event: 13.668 Thread 0x00007fe6e20c8800 Implicit null exception at 0x0000000103d55c90 to 0x0000000103d56279

Events (10 events):
Event: 23.563 loading class com/sun/prism/impl/ps/CachingShapeRepState$MaskCache
Event: 23.563 loading class com/sun/prism/impl/ps/CachingShapeRepState$MaskCache done
Event: 23.564 loading class com/sun/prism/impl/ps/CachingShapeRepState$MaskCache$1
Event: 23.564 loading class com/sun/prism/impl/ps/CachingShapeRepState$MaskCache$1 done
Event: 23.564 loading class com/sun/prism/impl/ps/CachingShapeRepState$CacheEntry
Event: 23.564 loading class com/sun/prism/impl/ps/CachingShapeRepState$CacheEntry done
Event: 23.565 loading class com/sun/prism/impl/ps/CachingShapeRepState$MaskTexData
Event: 23.565 loading class com/sun/prism/impl/ps/CachingShapeRepState$MaskTexData done
Event: 23.565 loading class com/sun/prism/impl/ps/CachingShapeRepState$CSRDisposerRecord
Event: 23.565 loading class com/sun/prism/impl/ps/CachingShapeRepState$CSRDisposerRecord done


Dynamic libraries:
0x000000000b3cd000 	/System/Library/Frameworks/Cocoa.framework/Versions/A/Cocoa
0x000000000b3cd000 	/System/Library/Frameworks/Security.framework/Versions/A/Security
0x000000000b3cd000 	/System/Library/Frameworks/ApplicationServices.framework/Versions/A/ApplicationServices
0x000000000b3cd000 	/usr/lib/libz.1.dylib
0x000000000b3cd000 	/usr/lib/libSystem.B.dylib
0x000000000b3cd000 	/usr/lib/libobjc.A.dylib
0x000000000b3cd000 	/System/Library/Frameworks/CoreFoundation.framework/Versions/A/CoreFoundation
0x000000000b3cd000 	/System/Library/Frameworks/Foundation.framework/Versions/C/Foundation
0x000000000b3cd000 	/System/Library/Frameworks/AppKit.framework/Versions/C/AppKit
0x000000000b3cd000 	/System/Library/Frameworks/CoreData.framework/Versions/A/CoreData
0x000000000b3cd000 	/System/Library/PrivateFrameworks/RemoteViewServices.framework/Versions/A/RemoteViewServices
0x000000000b3cd000 	/System/Library/PrivateFrameworks/UIFoundation.framework/Versions/A/UIFoundation
0x000000000b3cd000 	/System/Library/Frameworks/IOSurface.framework/Versions/A/IOSurface
0x000000000b3cd000 	/System/Library/Frameworks/AudioToolbox.framework/Versions/A/AudioToolbox
0x000000000b3cd000 	/System/Library/Frameworks/AudioUnit.framework/Versions/A/AudioUnit
0x000000000b3cd000 	/System/Library/PrivateFrameworks/DataDetectorsCore.framework/Versions/A/DataDetectorsCore
0x000000000b3cd000 	/System/Library/PrivateFrameworks/DesktopServicesPriv.framework/Versions/A/DesktopServicesPriv
0x000000000b3cd000 	/System/Library/Frameworks/Carbon.framework/Versions/A/Frameworks/HIToolbox.framework/Versions/A/HIToolbox
0x000000000b3cd000 	/System/Library/Frameworks/QuartzCore.framework/Versions/A/QuartzCore
0x000000000b3cd000 	/System/Library/Frameworks/Carbon.framework/Versions/A/Frameworks/SpeechRecognition.framework/Versions/A/SpeechRecognition
0x000000000b3cd000 	/usr/lib/libauto.dylib
0x000000000b3cd000 	/usr/lib/libicucore.A.dylib
0x000000000b3cd000 	/usr/lib/libxml2.2.dylib
0x000000000b3cd000 	/System/Library/PrivateFrameworks/CoreUI.framework/Versions/A/CoreUI
0x000000000b3cd000 	/System/Library/Frameworks/CoreAudio.framework/Versions/A/CoreAudio
0x000000000b3cd000 	/System/Library/Frameworks/DiskArbitration.framework/Versions/A/DiskArbitration
0x000000000b3cd000 	/usr/lib/liblangid.dylib
0x000000000b3cd000 	/System/Library/PrivateFrameworks/MultitouchSupport.framework/Versions/A/MultitouchSupport
0x000000000b3cd000 	/System/Library/Frameworks/IOKit.framework/Versions/A/IOKit
0x000000000b3cd000 	/usr/lib/libDiagnosticMessagesClient.dylib
0x000000000b3cd000 	/System/Library/Frameworks/CoreServices.framework/Versions/A/CoreServices
0x000000000b3cd000 	/System/Library/PrivateFrameworks/PerformanceAnalysis.framework/Versions/A/PerformanceAnalysis
0x000000000b3cd000 	/System/Library/PrivateFrameworks/GenerationalStorage.framework/Versions/A/GenerationalStorage
0x000000000b3cd000 	/System/Library/Frameworks/OpenGL.framework/Versions/A/OpenGL
0x000000000b3cd000 	/System/Library/PrivateFrameworks/Sharing.framework/Versions/A/Sharing
0x000000000b3cd000 	/System/Library/Frameworks/CoreGraphics.framework/Versions/A/CoreGraphics
0x000000000b3cd000 	/System/Library/Frameworks/CoreText.framework/Versions/A/CoreText
0x000000000b3cd000 	/System/Library/Frameworks/ImageIO.framework/Versions/A/ImageIO
0x000000000b3cd000 	/usr/lib/libextension.dylib
0x000000000b3cd000 	/System/Library/PrivateFrameworks/Backup.framework/Versions/A/Backup
0x000000000b3cd000 	/usr/lib/libarchive.2.dylib
0x000000000b3cd000 	/System/Library/Frameworks/CFNetwork.framework/Versions/A/CFNetwork
0x000000000b3cd000 	/System/Library/Frameworks/SystemConfiguration.framework/Versions/A/SystemConfiguration
0x000000000b3cd000 	/usr/lib/libCRFSuite.dylib
0x000000000b3cd000 	/usr/lib/libc++.1.dylib
0x000000000b3cd000 	/usr/lib/libc++abi.dylib
0x000000000b3cd000 	/usr/lib/system/libcache.dylib
0x000000000b3cd000 	/usr/lib/system/libcommonCrypto.dylib
0x000000000b3cd000 	/usr/lib/system/libcompiler_rt.dylib
0x000000000b3cd000 	/usr/lib/system/libcopyfile.dylib
0x000000000b3cd000 	/usr/lib/system/libcorecrypto.dylib
0x000000000b3cd000 	/usr/lib/system/libdispatch.dylib
0x000000000b3cd000 	/usr/lib/system/libdyld.dylib
0x000000000b3cd000 	/usr/lib/system/libkeymgr.dylib
0x000000000b3cd000 	/usr/lib/system/liblaunch.dylib
0x000000000b3cd000 	/usr/lib/system/libmacho.dylib
0x000000000b3cd000 	/usr/lib/system/libquarantine.dylib
0x000000000b3cd000 	/usr/lib/system/libremovefile.dylib
0x000000000b3cd000 	/usr/lib/system/libsystem_asl.dylib
0x000000000b3cd000 	/usr/lib/system/libsystem_blocks.dylib
0x000000000b3cd000 	/usr/lib/system/libsystem_c.dylib
0x000000000b3cd000 	/usr/lib/system/libsystem_configuration.dylib
0x000000000b3cd000 	/usr/lib/system/libsystem_coreservices.dylib
0x000000000b3cd000 	/usr/lib/system/libsystem_coretls.dylib
0x000000000b3cd000 	/usr/lib/system/libsystem_dnssd.dylib
0x000000000b3cd000 	/usr/lib/system/libsystem_info.dylib
0x000000000b3cd000 	/usr/lib/system/libsystem_kernel.dylib
0x000000000b3cd000 	/usr/lib/system/libsystem_m.dylib
0x000000000b3cd000 	/usr/lib/system/libsystem_malloc.dylib
0x000000000b3cd000 	/usr/lib/system/libsystem_network.dylib
0x000000000b3cd000 	/usr/lib/system/libsystem_networkextension.dylib
0x000000000b3cd000 	/usr/lib/system/libsystem_notify.dylib
0x000000000b3cd000 	/usr/lib/system/libsystem_platform.dylib
0x000000000b3cd000 	/usr/lib/system/libsystem_pthread.dylib
0x000000000b3cd000 	/usr/lib/system/libsystem_sandbox.dylib
0x000000000b3cd000 	/usr/lib/system/libsystem_secinit.dylib
0x000000000b3cd000 	/usr/lib/system/libsystem_stats.dylib
0x000000000b3cd000 	/usr/lib/system/libsystem_trace.dylib
0x000000000b3cd000 	/usr/lib/system/libunc.dylib
0x000000000b3cd000 	/usr/lib/system/libunwind.dylib
0x000000000b3cd000 	/usr/lib/system/libxpc.dylib
0x000000000b3cd000 	/usr/lib/libbz2.1.0.dylib
0x000000000b3cd000 	/usr/lib/liblzma.5.dylib
0x000000000b3cd000 	/usr/lib/libbsm.0.dylib
0x000000000b3cd000 	/usr/lib/libsqlite3.dylib
0x000000000b3cd000 	/usr/lib/system/libkxld.dylib
0x000000000b3cd000 	/usr/lib/libxar.1.dylib
0x000000000b3cd000 	/usr/lib/libpam.2.dylib
0x000000000b3cd000 	/usr/lib/libOpenScriptingUtil.dylib
0x000000000b3cd000 	/System/Library/Frameworks/CoreServices.framework/Versions/A/Frameworks/FSEvents.framework/Versions/A/FSEvents
0x000000000b3cd000 	/System/Library/Frameworks/CoreServices.framework/Versions/A/Frameworks/CarbonCore.framework/Versions/A/CarbonCore
0x000000000b3cd000 	/System/Library/Frameworks/CoreServices.framework/Versions/A/Frameworks/Metadata.framework/Versions/A/Metadata
0x000000000b3cd000 	/System/Library/Frameworks/CoreServices.framework/Versions/A/Frameworks/OSServices.framework/Versions/A/OSServices
0x000000000b3cd000 	/System/Library/Frameworks/CoreServices.framework/Versions/A/Frameworks/SearchKit.framework/Versions/A/SearchKit
0x000000000b3cd000 	/System/Library/Frameworks/CoreServices.framework/Versions/A/Frameworks/AE.framework/Versions/A/AE
0x000000000b3cd000 	/System/Library/Frameworks/CoreServices.framework/Versions/A/Frameworks/LaunchServices.framework/Versions/A/LaunchServices
0x000000000b3cd000 	/System/Library/Frameworks/CoreServices.framework/Versions/A/Frameworks/DictionaryServices.framework/Versions/A/DictionaryServices
0x000000000b3cd000 	/System/Library/Frameworks/NetFS.framework/Versions/A/NetFS
0x000000000b3cd000 	/System/Library/PrivateFrameworks/NetAuth.framework/Versions/A/NetAuth
0x000000000b3cd000 	/System/Library/PrivateFrameworks/login.framework/Versions/A/Frameworks/loginsupport.framework/Versions/A/loginsupport
0x000000000b3cd000 	/System/Library/PrivateFrameworks/TCC.framework/Versions/A/TCC
0x000000000b3cd000 	/usr/lib/libmecabra.dylib
0x000000000b3cd000 	/System/Library/PrivateFrameworks/LanguageModeling.framework/Versions/A/LanguageModeling
0x000000000b3cd000 	/usr/lib/libcmph.dylib
0x000000000b3cd000 	/usr/lib/libiconv.2.dylib
0x000000000b3cd000 	/System/Library/Frameworks/OpenDirectory.framework/Versions/A/Frameworks/CFOpenDirectory.framework/Versions/A/CFOpenDirectory
0x000000000b3cd000 	/System/Library/Frameworks/ServiceManagement.framework/Versions/A/ServiceManagement
0x000000000b3cd000 	/usr/lib/libxslt.1.dylib
0x000000000b3cd000 	/System/Library/Frameworks/Carbon.framework/Versions/A/Frameworks/Ink.framework/Versions/A/Ink
0x000000000b3cd000 	/System/Library/Frameworks/ApplicationServices.framework/Versions/A/Frameworks/ATS.framework/Versions/A/ATS
0x000000000b3cd000 	/System/Library/Frameworks/ApplicationServices.framework/Versions/A/Frameworks/ColorSync.framework/Versions/A/ColorSync
0x000000000b3cd000 	/System/Library/Frameworks/ApplicationServices.framework/Versions/A/Frameworks/HIServices.framework/Versions/A/HIServices
0x000000000b3cd000 	/System/Library/Frameworks/ApplicationServices.framework/Versions/A/Frameworks/LangAnalysis.framework/Versions/A/LangAnalysis
0x000000000b3cd000 	/System/Library/Frameworks/ApplicationServices.framework/Versions/A/Frameworks/PrintCore.framework/Versions/A/PrintCore
0x000000000b3cd000 	/System/Library/Frameworks/ApplicationServices.framework/Versions/A/Frameworks/QD.framework/Versions/A/QD
0x000000000b3cd000 	/System/Library/Frameworks/ApplicationServices.framework/Versions/A/Frameworks/SpeechSynthesis.framework/Versions/A/SpeechSynthesis
0x000000000b3cd000 	/System/Library/Frameworks/Accelerate.framework/Versions/A/Accelerate
0x000000000b3cd000 	/System/Library/Frameworks/Accelerate.framework/Versions/A/Frameworks/vImage.framework/Versions/A/vImage
0x000000000b3cd000 	/System/Library/Frameworks/Accelerate.framework/Versions/A/Frameworks/vecLib.framework/Versions/A/vecLib
0x000000000b3cd000 	/System/Library/Frameworks/Accelerate.framework/Versions/A/Frameworks/vecLib.framework/Versions/A/libvDSP.dylib
0x000000000b3cd000 	/System/Library/Frameworks/Accelerate.framework/Versions/A/Frameworks/vecLib.framework/Versions/A/libvMisc.dylib
0x000000000b3cd000 	/System/Library/Frameworks/Accelerate.framework/Versions/A/Frameworks/vecLib.framework/Versions/A/libLAPACK.dylib
0x000000000b3cd000 	/System/Library/Frameworks/Accelerate.framework/Versions/A/Frameworks/vecLib.framework/Versions/A/libBLAS.dylib
0x000000000b3cd000 	/System/Library/Frameworks/Accelerate.framework/Versions/A/Frameworks/vecLib.framework/Versions/A/libLinearAlgebra.dylib
0x000000000b3cd000 	/System/Library/Frameworks/ApplicationServices.framework/Versions/A/Frameworks/ATS.framework/Versions/A/Resources/libFontParser.dylib
0x000000000b3cd000 	/System/Library/Frameworks/ApplicationServices.framework/Versions/A/Frameworks/ATS.framework/Versions/A/Resources/libFontRegistry.dylib
0x000000000b3cd000 	/System/Library/PrivateFrameworks/AppleVPA.framework/Versions/A/AppleVPA
0x000000000b3cd000 	/System/Library/PrivateFrameworks/AppleJPEG.framework/Versions/A/AppleJPEG
0x000000000b3cd000 	/System/Library/Frameworks/ImageIO.framework/Versions/A/Resources/libJPEG.dylib
0x000000000b3cd000 	/System/Library/Frameworks/ImageIO.framework/Versions/A/Resources/libTIFF.dylib
0x000000000b3cd000 	/System/Library/Frameworks/ImageIO.framework/Versions/A/Resources/libPng.dylib
0x000000000b3cd000 	/System/Library/Frameworks/ImageIO.framework/Versions/A/Resources/libGIF.dylib
0x000000000b3cd000 	/System/Library/Frameworks/ImageIO.framework/Versions/A/Resources/libJP2.dylib
0x000000000b3cd000 	/System/Library/Frameworks/ImageIO.framework/Versions/A/Resources/libRadiance.dylib
0x000000000b3cd000 	/System/Library/Frameworks/CoreVideo.framework/Versions/A/CoreVideo
0x000000000b3cd000 	/System/Library/Frameworks/OpenGL.framework/Versions/A/Libraries/libGLU.dylib
0x000000000b3cd000 	/System/Library/Frameworks/OpenGL.framework/Versions/A/Libraries/libGFXShared.dylib
0x000000000b3cd000 	/System/Library/Frameworks/OpenGL.framework/Versions/A/Libraries/libGL.dylib
0x000000000b3cd000 	/System/Library/Frameworks/OpenGL.framework/Versions/A/Libraries/libGLImage.dylib
0x000000000b3cd000 	/System/Library/Frameworks/OpenGL.framework/Versions/A/Libraries/libCVMSPluginSupport.dylib
0x000000000b3cd000 	/System/Library/Frameworks/OpenGL.framework/Versions/A/Libraries/libCoreVMClient.dylib
0x000000000b3cd000 	/usr/lib/libcups.2.dylib
0x000000000b3cd000 	/System/Library/Frameworks/Kerberos.framework/Versions/A/Kerberos
0x000000000b3cd000 	/System/Library/Frameworks/GSS.framework/Versions/A/GSS
0x000000000b3cd000 	/usr/lib/libresolv.9.dylib
0x000000000b3cd000 	/System/Library/PrivateFrameworks/Heimdal.framework/Versions/A/Heimdal
0x000000000b3cd000 	/usr/lib/libheimdal-asn1.dylib
0x000000000b3cd000 	/System/Library/Frameworks/OpenDirectory.framework/Versions/A/OpenDirectory
0x000000000b3cd000 	/System/Library/PrivateFrameworks/CommonAuth.framework/Versions/A/CommonAuth
0x000000000b3cd000 	/System/Library/Frameworks/SecurityFoundation.framework/Versions/A/SecurityFoundation
0x000000000b3cd000 	/System/Library/Frameworks/QuartzCore.framework/Versions/A/Frameworks/CoreImage.framework/Versions/A/CoreImage
0x000000000b3cd000 	/System/Library/PrivateFrameworks/CrashReporterSupport.framework/Versions/A/CrashReporterSupport
0x000000000b3cd000 	/System/Library/Frameworks/OpenCL.framework/Versions/A/OpenCL
0x000000000b3cd000 	/System/Library/PrivateFrameworks/FaceCore.framework/Versions/A/FaceCore
0x000000000b3cd000 	/System/Library/PrivateFrameworks/Ubiquity.framework/Versions/A/Ubiquity
0x000000000b3cd000 	/System/Library/PrivateFrameworks/IconServices.framework/Versions/A/IconServices
0x000000000b3cd000 	/System/Library/PrivateFrameworks/ChunkingLibrary.framework/Versions/A/ChunkingLibrary
0x000000000b3cd000 	/System/Library/PrivateFrameworks/Apple80211.framework/Versions/A/Apple80211
0x000000000b3cd000 	/System/Library/Frameworks/CoreWLAN.framework/Versions/A/CoreWLAN
0x000000000b3cd000 	/System/Library/Frameworks/IOBluetooth.framework/Versions/A/IOBluetooth
0x000000000b3cd000 	/System/Library/PrivateFrameworks/CoreWiFi.framework/Versions/A/CoreWiFi
0x000000000b3cd000 	/System/Library/Frameworks/CoreBluetooth.framework/Versions/A/CoreBluetooth
0x000000000b3cd000 	/System/Library/PrivateFrameworks/DebugSymbols.framework/Versions/A/DebugSymbols
0x000000000b3cd000 	/System/Library/PrivateFrameworks/CoreSymbolication.framework/Versions/A/CoreSymbolication
0x000000000b3cd000 	/System/Library/PrivateFrameworks/Symbolication.framework/Versions/A/Symbolication
0x000000000b3cd000 	/System/Library/PrivateFrameworks/SpeechRecognitionCore.framework/Versions/A/SpeechRecognitionCore
0x000000010233e000 	/Library/Java/JavaVirtualMachines/jdk1.8.0_11.jdk/Contents/Home/jre/lib/server/libjvm.dylib
0x000000000b3cd000 	/usr/lib/libstdc++.6.dylib
0x0000000103302000 	/Library/Java/JavaVirtualMachines/jdk1.8.0_11.jdk/Contents/Home/jre/lib/libverify.dylib
0x0000000103310000 	/Library/Java/JavaVirtualMachines/jdk1.8.0_11.jdk/Contents/Home/jre/lib/libjava.dylib
0x0000000103365000 	/Library/Java/JavaVirtualMachines/jdk1.8.0_11.jdk/Contents/Home/jre/lib/libzip.dylib
0x0000000115763000 	/System/Library/Frameworks/JavaVM.framework/Frameworks/JavaRuntimeSupport.framework/JavaRuntimeSupport
0x000000011577b000 	/System/Library/Frameworks/JavaVM.framework/Versions/A/Frameworks/JavaNativeFoundation.framework/Versions/A/JavaNativeFoundation
0x00000001033f3000 	/System/Library/Frameworks/JavaVM.framework/Versions/A/JavaVM
0x000000000b3cd000 	/System/Library/Frameworks/Carbon.framework/Versions/A/Carbon
0x0000000115790000 	/System/Library/PrivateFrameworks/JavaLaunching.framework/Versions/A/JavaLaunching
0x000000000b3cd000 	/System/Library/Frameworks/Carbon.framework/Versions/A/Frameworks/CommonPanels.framework/Versions/A/CommonPanels
0x000000000b3cd000 	/System/Library/Frameworks/Carbon.framework/Versions/A/Frameworks/Help.framework/Versions/A/Help
0x000000000b3cd000 	/System/Library/Frameworks/Carbon.framework/Versions/A/Frameworks/ImageCapture.framework/Versions/A/ImageCapture
0x000000000b3cd000 	/System/Library/Frameworks/Carbon.framework/Versions/A/Frameworks/OpenScripting.framework/Versions/A/OpenScripting
0x000000000b3cd000 	/System/Library/Frameworks/Carbon.framework/Versions/A/Frameworks/Print.framework/Versions/A/Print
0x000000000b3cd000 	/System/Library/Frameworks/Carbon.framework/Versions/A/Frameworks/SecurityHI.framework/Versions/A/SecurityHI
0x0000000117693000 	/Library/Java/JavaVirtualMachines/jdk1.8.0_11.jdk/Contents/Home/jre/lib/libprism_es2.dylib
0x000000000b3cd000 	/System/Library/Frameworks/OpenGL.framework/Versions/A/Resources/GLEngine.bundle/GLEngine
0x000000000b3cd000 	/System/Library/Frameworks/OpenGL.framework/Versions/A/Libraries/libGLProgrammability.dylib
0x0000000000000000 	/System/Library/Extensions/GeForceTeslaGLDriver.bundle/Contents/MacOS/GeForceTeslaGLDriver
0x0000000117710000 	/System/Library/Extensions/GeForceTeslaGLDriver.bundle/Contents/MacOS/libclh.dylib
0x0000000117f57000 	/System/Library/PrivateFrameworks/GPUSupport.framework/Versions/A/Libraries/libGPUSupport.dylib
0x000000000b3cd000 	/System/Library/Frameworks/OpenGL.framework/Versions/A/Resources/GLRendererFloat.bundle/GLRendererFloat
0x000000000b3cd000 	/System/Library/Frameworks/OpenCL.framework/Versions/A/Libraries/libcldcpuengine.dylib
0x000000000b3cd000 	/System/Library/PrivateFrameworks/DiskImages.framework/Versions/A/DiskImages
0x000000000b3cd000 	/System/Library/Frameworks/DiscRecording.framework/Versions/A/DiscRecording
0x000000000b3cd000 	/usr/lib/libcsfde.dylib
0x000000000b3cd000 	/usr/lib/libcurl.4.dylib
0x000000000b3cd000 	/System/Library/PrivateFrameworks/MediaKit.framework/Versions/A/MediaKit
0x000000000b3cd000 	/System/Library/PrivateFrameworks/ProtectedCloudStorage.framework/Versions/A/ProtectedCloudStorage
0x000000000b3cd000 	/usr/lib/libCoreStorage.dylib
0x000000000b3cd000 	/System/Library/PrivateFrameworks/EFILogin.framework/Versions/A/EFILogin
0x000000000b3cd000 	/usr/lib/libutil.dylib
0x000000000b3cd000 	/System/Library/PrivateFrameworks/FindMyDevice.framework/Versions/A/FindMyDevice
0x000000000b3cd000 	/System/Library/Frameworks/LDAP.framework/Versions/A/LDAP
0x000000000b3cd000 	/usr/lib/libsasl2.2.dylib
0x000000000b3cd000 	/System/Library/PrivateFrameworks/CoreDaemon.framework/Versions/B/CoreDaemon
0x000000000b3cd000 	/usr/lib/libcrypto.0.9.8.dylib
0x000000000b3cd000 	/System/Library/PrivateFrameworks/AppleSRP.framework/Versions/A/AppleSRP
0x000000000b3cd000 	/System/Library/PrivateFrameworks/TrustEvaluationAgent.framework/Versions/A/TrustEvaluationAgent
0x0000000118024000 	/Library/Java/JavaVirtualMachines/jdk1.8.0_11.jdk/Contents/Home/jre/lib/libglass.dylib
0x000000000b3cd000 	/System/Library/PrivateFrameworks/CoreServicesInternal.framework/Versions/A/CoreServicesInternal
0x000000000b3cd000 	/System/Library/PrivateFrameworks/CloudDocs.framework/Versions/A/CloudDocs
0x000000000b3cd000 	/System/Library/PrivateFrameworks/CoreDuet.framework/Versions/A/CoreDuet
0x000000000b3cd000 	/System/Library/Frameworks/CloudKit.framework/Versions/A/CloudKit
0x000000000b3cd000 	/System/Library/PrivateFrameworks/ProtocolBuffer.framework/Versions/A/ProtocolBuffer
0x000000000b3cd000 	/System/Library/PrivateFrameworks/CoreDuetDaemonProtocol.framework/Versions/A/CoreDuetDaemonProtocol
0x000000000b3cd000 	/System/Library/PrivateFrameworks/CoreDuetDebugLogging.framework/Versions/A/CoreDuetDebugLogging
0x000000000b3cd000 	/System/Library/Frameworks/CoreLocation.framework/Versions/A/CoreLocation
0x000000000b3cd000 	/System/Library/Frameworks/Accounts.framework/Versions/A/Accounts
0x000000000b3cd000 	/System/Library/PrivateFrameworks/ApplePushService.framework/Versions/A/ApplePushService
0x000000000b3cd000 	/System/Library/PrivateFrameworks/GeoServices.framework/Versions/A/GeoServices
0x000000000b3cd000 	/System/Library/PrivateFrameworks/OAuth.framework/Versions/A/OAuth
0x000000000b3cd000 	/System/Library/Frameworks/CoreGraphics.framework/Versions/A/Resources/libCGCMS.A.dylib
0x000000000b3cd000 	/System/Library/CoreServices/RawCamera.bundle/Contents/MacOS/RawCamera
0x000000000b3cd000 	/System/Library/Frameworks/CoreGraphics.framework/Versions/A/Resources/libRIP.A.dylib
0x000000000b3cd000 	/System/Library/PrivateFrameworks/FamilyControls.framework/Versions/A/FamilyControls
0x000000000b3cd000 	/System/Library/PrivateFrameworks/CommerceKit.framework/Versions/A/Frameworks/CommerceCore.framework/Versions/A/CommerceCore
0x000000000b3cd000 	/System/Library/PrivateFrameworks/SystemAdministration.framework/Versions/A/SystemAdministration
0x000000000b3cd000 	/System/Library/PrivateFrameworks/AppContainer.framework/Versions/A/AppContainer
0x000000000b3cd000 	/System/Library/PrivateFrameworks/SecCodeWrapper.framework/Versions/A/SecCodeWrapper
0x000000000b3cd000 	/System/Library/Frameworks/DirectoryService.framework/Versions/A/DirectoryService
0x000000000b3cd000 	/System/Library/PrivateFrameworks/LoginUIKit.framework/Versions/A/Frameworks/LoginUICore.framework/Versions/A/LoginUICore
0x000000000b3cd000 	/usr/lib/libodfde.dylib
0x000000011b858000 	/Library/Java/JavaVirtualMachines/jdk1.8.0_11.jdk/Contents/Home/jre/lib/libjavafx_font.dylib
0x000000000b3cd000 	/System/Library/Frameworks/CoreGraphics.framework/Versions/A/Resources/libCGXType.A.dylib
0x000000011be7f000 	cl_kernels
0x000000011d63c000 	/System/Library/Frameworks/OpenCL.framework/Versions/A/Libraries/ImageFormats/unorm8_bgra.dylib
0x000000011d618000 	cl_kernels
0x000000011eb16000 	/Library/Java/JavaVirtualMachines/jdk1.8.0_11.jdk/Contents/Home/jre/lib/libprism_common.dylib

VM Arguments:
jvm_args: -Dfile.encoding=UTF-8 
java_command: /Users/knight-100/Dropbox/School/Spring 2015/Computer Science III/Projects/WolfieballDraftKit/WolfieballDraftKit/dist/run1089518002/WolfieballDraftKit.jar
java_class_path (initial): /Users/knight-100/Dropbox/School/Spring 2015/Computer Science III/Projects/WolfieballDraftKit/WolfieballDraftKit/dist/run1089518002/WolfieballDraftKit.jar
Launcher Type: SUN_STANDARD

Environment Variables:
PATH=/usr/bin:/bin:/usr/sbin:/sbin
LD_LIBRARY_PATH=/Library/Java/JavaVirtualMachines/jdk1.8.0_11.jdk/Contents/Home/jre/lib/amd64:/Library/Java/JavaVirtualMachines/jdk1.8.0_11.jdk/Contents/Home/jre/lib/i386:
SHELL=/bin/bash
DISPLAY=/private/tmp/com.apple.launchd.Lc9tuHqLw7/org.macosforge.xquartz:0
DYLD_LIBRARY_PATH=/Applications/NetBeans/NetBeans 8.0.2.app/Contents/Resources/NetBeans/webcommon/bin:

Signal Handlers:
SIGSEGV: [libjvm.dylib+0x56059b], sa_mask[0]=0xfffefeff, sa_flags=0x00000043
SIGBUS: [libjvm.dylib+0x56059b], sa_mask[0]=0xfffefeff, sa_flags=0x00000042
SIGFPE: [libjvm.dylib+0x4438f2], sa_mask[0]=0xfffefeff, sa_flags=0x00000042
SIGPIPE: [libjvm.dylib+0x4438f2], sa_mask[0]=0xfffefeff, sa_flags=0x00000042
SIGXFSZ: [libjvm.dylib+0x4438f2], sa_mask[0]=0xfffefeff, sa_flags=0x00000042
SIGILL: [libjvm.dylib+0x4438f2], sa_mask[0]=0xfffefeff, sa_flags=0x00000042
SIGUSR1: SIG_DFL, sa_mask[0]=0x00000000, sa_flags=0x00000000
SIGUSR2: [libjvm.dylib+0x443410], sa_mask[0]=0x00000004, sa_flags=0x00000042
SIGHUP: [libjvm.dylib+0x44179b], sa_mask[0]=0xfffefeff, sa_flags=0x00000042
SIGINT: SIG_IGN, sa_mask[0]=0x00000000, sa_flags=0x00000000
SIGTERM: [libjvm.dylib+0x44179b], sa_mask[0]=0xfffefeff, sa_flags=0x00000042
SIGQUIT: [libjvm.dylib+0x44179b], sa_mask[0]=0xfffefeff, sa_flags=0x00000042


---------------  S Y S T E M  ---------------

OS:Bsduname:Darwin 14.0.0 Darwin Kernel Version 14.0.0: Fri Sep 19 00:26:44 PDT 2014; root:xnu-2782.1.97~2/RELEASE_X86_64 x86_64
rlimit: STACK 8192k, CORE 0k, NPROC 266, NOFILE 10240, AS infinity
load average:1.94 2.74 3.98

CPU:total 2 (2 cores per cpu, 1 threads per core) family 6 model 23 stepping 10, cmov, cx8, fxsr, mmx, sse, sse2, sse3, ssse3, sse4.1, tsc

Memory: 4k page, physical 2097152k(99100k free)

/proc/meminfo:


vm_info: Java HotSpot(TM) 64-Bit Server VM (25.11-b03) for bsd-amd64 JRE (1.8.0_11-b12), built on Jun 16 2014 17:39:42 by "java_re" with gcc 4.2.1 (Based on Apple Inc. build 5658) (LLVM build 2336.11.00)

time: Sat Apr 25 23:43:25 2015
elapsed time: 25 seconds

